<!DOCTYPE html PUBLIC "-//W3C//DTD XHTML 1.1//EN" "https://www.w3.org/TR/xhtml11/DTD/xhtml11.dtd">
<html xmlns="https://www.w3.org/1999/xhtml">
<head>
<meta http-equiv="content-type" content="text/html; charset=UTF-8"/>
<title>TestNG Report</title>
<style type="text/css">table {margin-bottom:10px;border-collapse:collapse;empty-cells:show}th,td {border:1px solid #009;padding:.25em .5em}th {vertical-align:bottom}td {vertical-align:top}table a {font-weight:bold}.stripe td {background-color: #E6EBF9}.num {text-align:right}.passedodd td {background-color: #3F3}.passedeven td {background-color: #0A0}.skippedodd td {background-color: #DDD}.skippedeven td {background-color: #CCC}.failedodd td,.attn {background-color: #F33}.failedeven td,.stripe .attn {background-color: #D00}.stacktrace {white-space:pre;font-family:monospace}.totop {font-size:85%;text-align:center;border-bottom:2px solid #000}.invisible {display:none}</style>
</head>
<body>
<table>
<tr><th>Test</th><th># Passed</th><th># Skipped</th><th># Retried</th><th># Failed</th><th>Time (ms)</th><th>Included Groups</th><th>Excluded Groups</th></tr>
<tr><th colspan="8">Onboarding Flow </th></tr>
<tr><td><a href="#t0">Verify that the user open the installed app OB 001</a></td><td class="num">0</td><td class="num">0</td><td class="num">0</td><td class="num attn">1</td><td class="num">21,426</td><td></td><td></td></tr>
<tr class="stripe"><td><a href="#t1">Verify that the user tap on the Get Started button OB 002</a></td><td class="num">0</td><td class="num">0</td><td class="num">0</td><td class="num attn">1</td><td class="num">20,089</td><td></td><td></td></tr>
<tr><td><a href="#t2">Verify that the user tap on the Sign In button OB 003</a></td><td class="num">0</td><td class="num">0</td><td class="num">0</td><td class="num attn">1</td><td class="num">8,929</td><td></td><td></td></tr>
<tr class="stripe"><td><a href="#t3">Verify that the user Sign in with valid Email OB 004</a></td><td class="num">0</td><td class="num">0</td><td class="num">0</td><td class="num attn">1</td><td class="num">28</td><td></td><td></td></tr>
<tr><td><a href="#t4">Verify that the user Sign in with invalid Email OB 005</a></td><td class="num">0</td><td class="num">0</td><td class="num">0</td><td class="num attn">1</td><td class="num">20</td><td></td><td></td></tr>
<tr class="stripe"><td><a href="#t5">Verify that the user Sign with valid Phone number OB 006</a></td><td class="num">0</td><td class="num">0</td><td class="num">0</td><td class="num attn">1</td><td class="num">17</td><td></td><td></td></tr>
<tr><td><a href="#t6">Verify that the user Sign with invalid Phone number OB 007</a></td><td class="num">0</td><td class="num">0</td><td class="num">0</td><td class="num attn">1</td><td class="num">14</td><td></td><td></td></tr>
<tr class="stripe"><td><a href="#t7">Verify that the user Enter correct name in your Name field on Tell us about yourself for personalised recommendations screen OB 009</a></td><td class="num">0</td><td class="num">0</td><td class="num">0</td><td class="num attn">1</td><td class="num">12</td><td></td><td></td></tr>
<tr><td><a href="#t8">Verify that the user uncheck the checkbox of I agree to receive marketing communications from Level SuperMind on Tell us about yourself for personalised recommendations screen OB 014 and OB 015</a></td><td class="num">0</td><td class="num">0</td><td class="num">0</td><td class="num attn">1</td><td class="num">17</td><td></td><td></td></tr>
<tr class="stripe"><td><a href="#t9">Verify that the user tap on the terms and conditions hyperlink on Tell us about yourself for personalised recommendations screen OB 016</a></td><td class="num">0</td><td class="num">0</td><td class="num">0</td><td class="num attn">1</td><td class="num">13</td><td></td><td></td></tr>
<tr><td><a href="#t10">Verify that the user enter the valid referral code on on Tell us about yourself for personalised recommendations screen OB 017</a></td><td class="num">0</td><td class="num">0</td><td class="num">0</td><td class="num attn">1</td><td class="num">15</td><td></td><td></td></tr>
<tr class="stripe"><td><a href="#t11">Verify that the user select only three type of meditations from the What type of meditations are you looking for screen and tap on right arrow icon OB 019</a></td><td class="num">0</td><td class="num">0</td><td class="num">0</td><td class="num attn">1</td><td class="num">17</td><td></td><td></td></tr>
<tr><th>Total</th><th class="num">0</th><th class="num">0</th><th class="num">0</th><th class="num attn">12</th><th class="num">50,597</th><th colspan="2"></th></tr>
</table>
<table id='summary'><thead><tr><th>Class</th><th>Method</th><th>Start</th><th>Time (ms)</th></tr></thead><tbody><tr><th colspan="4">Onboarding Flow </th></tr></tbody><tbody id="t0"><tr><th colspan="4">Verify that the user open the installed app OB 001 &#8212; failed (configuration methods)</th></tr><tr class="failedeven"><td rowspan="1">mobile.tests.Onboarding.signin_test</td><td><a href="#m0">tear_down</a></td><td rowspan="1">1733897799668</td><td rowspan="1">5</td></tr><tr><th colspan="4">Verify that the user open the installed app OB 001 &#8212; failed</th></tr><tr class="failedeven"><td rowspan="1">mobile.tests.Onboarding.signin_test</td><td><a href="#m1">Verify_that_the_user_open_the_installed_app_OB_001</a></td><td rowspan="1">1733897799664</td><td rowspan="1">2</td></tr></tbody>
<tbody id="t1"><tr><th colspan="4">Verify that the user tap on the Get Started button OB 002 &#8212; failed (configuration methods)</th></tr><tr class="failedeven"><td rowspan="1">mobile.tests.Onboarding.signin_test</td><td><a href="#m2">tear_down</a></td><td rowspan="1">1733897819778</td><td rowspan="1">1</td></tr><tr><th colspan="4">Verify that the user tap on the Get Started button OB 002 &#8212; failed</th></tr><tr class="failedeven"><td rowspan="1">mobile.tests.Onboarding.signin_test</td><td><a href="#m3">Verify_that_the_user_tap_on_the_Get_Started_button_OB_002</a></td><td rowspan="1">1733897819776</td><td rowspan="1">1</td></tr></tbody>
<tbody id="t2"><tr><th colspan="4">Verify that the user tap on the Sign In button OB 003 &#8212; failed (configuration methods)</th></tr><tr class="failedeven"><td rowspan="1">mobile.tests.Onboarding.signin_test</td><td><a href="#m4">tear_down</a></td><td rowspan="1">1733897828708</td><td rowspan="1">3</td></tr><tr><th colspan="4">Verify that the user tap on the Sign In button OB 003 &#8212; failed</th></tr><tr class="failedeven"><td rowspan="1">mobile.tests.Onboarding.signin_test</td><td><a href="#m5">Verify_that_the_user_tap_on_the_Sign_In_button_OB_003</a></td><td rowspan="1">1733897828706</td><td rowspan="1">2</td></tr></tbody>
<tbody id="t3"><tr><th colspan="4">Verify that the user Sign in with valid Email OB 004 &#8212; failed (configuration methods)</th></tr><tr class="failedeven"><td rowspan="1">mobile.tests.Onboarding.signin_test</td><td><a href="#m6">tear_down</a></td><td rowspan="1">1733897828744</td><td rowspan="1">2</td></tr><tr><th colspan="4">Verify that the user Sign in with valid Email OB 004 &#8212; failed</th></tr><tr class="failedeven"><td rowspan="1">mobile.tests.Onboarding.signin_test</td><td><a href="#m7">Verify_that_the_user_Sign_in_with_valid_Email_OB_004</a></td><td rowspan="1">1733897828742</td><td rowspan="1">2</td></tr></tbody>
<tbody id="t4"><tr><th colspan="4">Verify that the user Sign in with invalid Email OB 005 &#8212; failed (configuration methods)</th></tr><tr class="failedeven"><td rowspan="1">mobile.tests.Onboarding.signin_test</td><td><a href="#m8">tear_down</a></td><td rowspan="1">1733897828770</td><td rowspan="1">1</td></tr><tr><th colspan="4">Verify that the user Sign in with invalid Email OB 005 &#8212; failed</th></tr><tr class="failedeven"><td rowspan="1">mobile.tests.Onboarding.signin_test</td><td><a href="#m9">Verify_that_the_user_Sign_in_with_invalid_Email_OB_005</a></td><td rowspan="1">1733897828768</td><td rowspan="1">1</td></tr></tbody>
<tbody id="t5"><tr><th colspan="4">Verify that the user Sign with valid Phone number OB 006 &#8212; failed (configuration methods)</th></tr><tr class="failedeven"><td rowspan="1">mobile.tests.Onboarding.signin_test</td><td><a href="#m10">tear_down</a></td><td rowspan="1">1733897828789</td><td rowspan="1">1</td></tr><tr><th colspan="4">Verify that the user Sign with valid Phone number OB 006 &#8212; failed</th></tr><tr class="failedeven"><td rowspan="1">mobile.tests.Onboarding.signin_test</td><td><a href="#m11">Verify_that_the_user_Sign_with_valid_Phone_number_OB_006</a></td><td rowspan="1">1733897828788</td><td rowspan="1">1</td></tr></tbody>
<tbody id="t6"><tr><th colspan="4">Verify that the user Sign with invalid Phone number OB 007 &#8212; failed (configuration methods)</th></tr><tr class="failedeven"><td rowspan="1">mobile.tests.Onboarding.signin_test</td><td><a href="#m12">tear_down</a></td><td rowspan="1">1733897828806</td><td rowspan="1">1</td></tr><tr><th colspan="4">Verify that the user Sign with invalid Phone number OB 007 &#8212; failed</th></tr><tr class="failedeven"><td rowspan="1">mobile.tests.Onboarding.signin_test</td><td><a href="#m13">Verify_that_the_user_Sign_with_invalid_Phone_number_OB_007</a></td><td rowspan="1">1733897828805</td><td rowspan="1">1</td></tr></tbody>
<tbody id="t7"><tr><th colspan="4">Verify that the user Enter correct name in your Name field on Tell us about yourself for personalised recommendations screen OB 009 &#8212; failed (configuration methods)</th></tr><tr class="failedeven"><td rowspan="1">mobile.tests.Onboarding.signin_test</td><td><a href="#m14">tear_down</a></td><td rowspan="1">1733897828821</td><td rowspan="1">1</td></tr><tr><th colspan="4">Verify that the user Enter correct name in your Name field on Tell us about yourself for personalised recommendations screen OB 009 &#8212; failed</th></tr><tr class="failedeven"><td rowspan="1">mobile.tests.Onboarding.signin_test</td><td><a href="#m15">Verify_that_the_user_Enter_correct_name_in_your_Name_field_on_Tell_us_about_yourself_for_personalised_recommendations_screen_OB_009</a></td><td rowspan="1">1733897828820</td><td rowspan="1">1</td></tr></tbody>
<tbody id="t8"><tr><th colspan="4">Verify that the user uncheck the checkbox of I agree to receive marketing communications from Level SuperMind on Tell us about yourself for personalised recommendations screen OB 014 and OB 015 &#8212; failed (configuration methods)</th></tr><tr class="failedeven"><td rowspan="1">mobile.tests.Onboarding.signin_test</td><td><a href="#m16">tear_down</a></td><td rowspan="1">1733897828841</td><td rowspan="1">1</td></tr><tr><th colspan="4">Verify that the user uncheck the checkbox of I agree to receive marketing communications from Level SuperMind on Tell us about yourself for personalised recommendations screen OB 014 and OB 015 &#8212; failed</th></tr><tr class="failedeven"><td rowspan="1">mobile.tests.Onboarding.signin_test</td><td><a href="#m17">Verify_that_the_user_uncheck_the_checkbox_of_I_agree_to_receive_marketing_communications_from_Level_SuperMind_on_Tell_us_about_yourself_for_personalised_recommendations_screen_OB_014_and_OB_015</a></td><td rowspan="1">1733897828838</td><td rowspan="1">3</td></tr></tbody>
<tbody id="t9"><tr><th colspan="4">Verify that the user tap on the terms and conditions hyperlink on Tell us about yourself for personalised recommendations screen OB 016 &#8212; failed (configuration methods)</th></tr><tr class="failedeven"><td rowspan="1">mobile.tests.Onboarding.signin_test</td><td><a href="#m18">tear_down</a></td><td rowspan="1">1733897828856</td><td rowspan="1">2</td></tr><tr><th colspan="4">Verify that the user tap on the terms and conditions hyperlink on Tell us about yourself for personalised recommendations screen OB 016 &#8212; failed</th></tr><tr class="failedeven"><td rowspan="1">mobile.tests.Onboarding.signin_test</td><td><a href="#m19">Verify_that_the_user_tap_on_the_terms_and_conditions_hyperlink_on_Tell_us_about_yourself_for_personalised_recommendations_screen_OB_016</a></td><td rowspan="1">1733897828855</td><td rowspan="1">1</td></tr></tbody>
<tbody id="t10"><tr><th colspan="4">Verify that the user enter the valid referral code on on Tell us about yourself for personalised recommendations screen OB 017 &#8212; failed (configuration methods)</th></tr><tr class="failedeven"><td rowspan="1">mobile.tests.Onboarding.signin_test</td><td><a href="#m20">tear_down</a></td><td rowspan="1">1733897828874</td><td rowspan="1">1</td></tr><tr><th colspan="4">Verify that the user enter the valid referral code on on Tell us about yourself for personalised recommendations screen OB 017 &#8212; failed</th></tr><tr class="failedeven"><td rowspan="1">mobile.tests.Onboarding.signin_test</td><td><a href="#m21">Verify_that_the_user_enter_the_valid_referral_code_on_on_Tell_us_about_yourself_for_personalised_recommendations_screen_OB_017</a></td><td rowspan="1">1733897828873</td><td rowspan="1">1</td></tr></tbody>
<tbody id="t11"><tr><th colspan="4">Verify that the user select only three type of meditations from the What type of meditations are you looking for screen and tap on right arrow icon OB 019 &#8212; failed (configuration methods)</th></tr><tr class="failedeven"><td rowspan="1">mobile.tests.Onboarding.signin_test</td><td><a href="#m22">tear_down</a></td><td rowspan="1">1733897828893</td><td rowspan="1">1</td></tr><tr><th colspan="4">Verify that the user select only three type of meditations from the What type of meditations are you looking for screen and tap on right arrow icon OB 019 &#8212; failed</th></tr><tr class="failedeven"><td rowspan="1">mobile.tests.Onboarding.signin_test</td><td><a href="#m23">Verify_that_the_user_select_only_three_type_of_meditations_from_the_What_type_of_meditations_are_you_looking_for_screen_and_tap_on_right_arrow_icon_OB_019</a></td><td rowspan="1">1733897828892</td><td rowspan="1">1</td></tr></tbody>
</table>
<h2>Verify that the user open the installed app OB 001</h2><h3 id="m0">mobile.tests.Onboarding.signin_test#tear_down</h3><table class="result"><tr class="param"><th>Parameter #1</th></tr><tr class="param stripe"><td>[TestResult name=Verify_that_the_user_open_the_installed_app_OB_001 status=FAILURE method=signin_test.Verify_that_the_user_open_the_installed_app_OB_001()[pri:0, instance:mobile.tests.Onboarding.signin_test@3835c46] output={null}]</td></tr><tr><th>Exception</th></tr><tr><td><div class="stacktrace">java.lang.NullPointerException: Cannot invoke &quot;org.openqa.selenium.WebDriver.quit()&quot; because &quot;this.driver&quot; is null
	at io.unity.framework.init.base.tear_down(base.java:383)
	at java.base/java.util.ArrayList.forEach(ArrayList.java:1596)
	at io.unity.framework.runner.TestRunner.start(TestRunner.java:69)
	at runner.Runner.main(Runner.java:10)
... Removed 27 stack frames</div></td></tr></table><p class="totop"><a href="#summary">back to summary</a></p>
<h3 id="m1">mobile.tests.Onboarding.signin_test#Verify_that_the_user_open_the_installed_app_OB_001</h3><table class="result"><tr><th>Exception</th></tr><tr><td><div class="stacktrace">java.lang.NullPointerException: Cannot invoke &quot;org.openqa.selenium.WebDriver.manage()&quot; because &quot;this.driver&quot; is null
	at mobile.tests.Onboarding.signin_test.Verify_that_the_user_open_the_installed_app_OB_001(signin_test.java:17)
	at java.base/java.util.ArrayList.forEach(ArrayList.java:1596)
	at io.unity.framework.runner.TestRunner.start(TestRunner.java:69)
	at runner.Runner.main(Runner.java:10)
... Removed 22 stack frames</div></td></tr></table><p class="totop"><a href="#summary">back to summary</a></p>
<h2>Verify that the user tap on the Get Started button OB 002</h2><h3 id="m2">mobile.tests.Onboarding.signin_test#tear_down</h3><table class="result"><tr class="param"><th>Parameter #1</th></tr><tr class="param stripe"><td>[TestResult name=Verify_that_the_user_tap_on_the_Get_Started_button_OB_002 status=FAILURE method=signin_test.Verify_that_the_user_tap_on_the_Get_Started_button_OB_002()[pri:0, instance:mobile.tests.Onboarding.signin_test@67d48005] output={null}]</td></tr><tr><th>Exception</th></tr><tr><td><div class="stacktrace">java.lang.NullPointerException: Cannot invoke &quot;org.openqa.selenium.WebDriver.quit()&quot; because &quot;this.driver&quot; is null
	at io.unity.framework.init.base.tear_down(base.java:383)
	at java.base/java.util.ArrayList.forEach(ArrayList.java:1596)
	at io.unity.framework.runner.TestRunner.start(TestRunner.java:69)
	at runner.Runner.main(Runner.java:10)
... Removed 27 stack frames</div></td></tr></table><p class="totop"><a href="#summary">back to summary</a></p>
<h3 id="m3">mobile.tests.Onboarding.signin_test#Verify_that_the_user_tap_on_the_Get_Started_button_OB_002</h3><table class="result"><tr><th>Exception</th></tr><tr><td><div class="stacktrace">java.lang.NullPointerException: Cannot invoke &quot;org.openqa.selenium.WebDriver.manage()&quot; because &quot;this.driver&quot; is null
	at mobile.tests.Onboarding.signin_test.Verify_that_the_user_tap_on_the_Get_Started_button_OB_002(signin_test.java:32)
	at java.base/java.util.ArrayList.forEach(ArrayList.java:1596)
	at io.unity.framework.runner.TestRunner.start(TestRunner.java:69)
	at runner.Runner.main(Runner.java:10)
... Removed 22 stack frames</div></td></tr></table><p class="totop"><a href="#summary">back to summary</a></p>
<h2>Verify that the user tap on the Sign In button OB 003</h2><h3 id="m4">mobile.tests.Onboarding.signin_test#tear_down</h3><table class="result"><tr class="param"><th>Parameter #1</th></tr><tr class="param stripe"><td>[TestResult name=Verify_that_the_user_tap_on_the_Sign_In_button_OB_003 status=FAILURE method=signin_test.Verify_that_the_user_tap_on_the_Sign_In_button_OB_003()[pri:0, instance:mobile.tests.Onboarding.signin_test@12468a38] output={null}]</td></tr><tr><th>Exception</th></tr><tr><td><div class="stacktrace">java.lang.NullPointerException: Cannot invoke &quot;org.openqa.selenium.WebDriver.quit()&quot; because &quot;this.driver&quot; is null
	at io.unity.framework.init.base.tear_down(base.java:383)
	at java.base/java.util.ArrayList.forEach(ArrayList.java:1596)
	at io.unity.framework.runner.TestRunner.start(TestRunner.java:69)
	at runner.Runner.main(Runner.java:10)
... Removed 27 stack frames</div></td></tr></table><p class="totop"><a href="#summary">back to summary</a></p>
<h3 id="m5">mobile.tests.Onboarding.signin_test#Verify_that_the_user_tap_on_the_Sign_In_button_OB_003</h3><table class="result"><tr><th>Exception</th></tr><tr><td><div class="stacktrace">java.lang.NullPointerException: Cannot invoke &quot;org.openqa.selenium.WebDriver.manage()&quot; because &quot;this.driver&quot; is null
	at mobile.tests.Onboarding.signin_test.Verify_that_the_user_tap_on_the_Sign_In_button_OB_003(signin_test.java:41)
	at java.base/java.util.ArrayList.forEach(ArrayList.java:1596)
	at io.unity.framework.runner.TestRunner.start(TestRunner.java:69)
	at runner.Runner.main(Runner.java:10)
... Removed 22 stack frames</div></td></tr></table><p class="totop"><a href="#summary">back to summary</a></p>
<h2>Verify that the user Sign in with valid Email OB 004</h2><h3 id="m6">mobile.tests.Onboarding.signin_test#tear_down</h3><table class="result"><tr class="param"><th>Parameter #1</th></tr><tr class="param stripe"><td>[TestResult name=Verify_that_the_user_Sign_in_with_valid_Email_OB_004 status=FAILURE method=signin_test.Verify_that_the_user_Sign_in_with_valid_Email_OB_004()[pri:0, instance:mobile.tests.Onboarding.signin_test@5876a9af] output={null}]</td></tr><tr><th>Exception</th></tr><tr><td><div class="stacktrace">java.lang.NullPointerException: Cannot invoke &quot;org.openqa.selenium.WebDriver.quit()&quot; because &quot;this.driver&quot; is null
	at io.unity.framework.init.base.tear_down(base.java:383)
	at java.base/java.util.ArrayList.forEach(ArrayList.java:1596)
	at io.unity.framework.runner.TestRunner.start(TestRunner.java:69)
	at runner.Runner.main(Runner.java:10)
... Removed 27 stack frames</div></td></tr></table><p class="totop"><a href="#summary">back to summary</a></p>
<h3 id="m7">mobile.tests.Onboarding.signin_test#Verify_that_the_user_Sign_in_with_valid_Email_OB_004</h3><table class="result"><tr><th>Exception</th></tr><tr><td><div class="stacktrace">java.lang.NullPointerException: Cannot invoke &quot;org.openqa.selenium.WebDriver.manage()&quot; because &quot;this.driver&quot; is null
	at mobile.tests.Onboarding.signin_test.Verify_that_the_user_Sign_in_with_valid_Email_OB_004(signin_test.java:50)
	at java.base/java.util.ArrayList.forEach(ArrayList.java:1596)
	at io.unity.framework.runner.TestRunner.start(TestRunner.java:69)
	at runner.Runner.main(Runner.java:10)
... Removed 22 stack frames</div></td></tr></table><p class="totop"><a href="#summary">back to summary</a></p>
<h2>Verify that the user Sign in with invalid Email OB 005</h2><h3 id="m8">mobile.tests.Onboarding.signin_test#tear_down</h3><table class="result"><tr class="param"><th>Parameter #1</th></tr><tr class="param stripe"><td>[TestResult name=Verify_that_the_user_Sign_in_with_invalid_Email_OB_005 status=FAILURE method=signin_test.Verify_that_the_user_Sign_in_with_invalid_Email_OB_005()[pri:0, instance:mobile.tests.Onboarding.signin_test@6572421] output={null}]</td></tr><tr><th>Exception</th></tr><tr><td><div class="stacktrace">java.lang.NullPointerException: Cannot invoke &quot;org.openqa.selenium.WebDriver.quit()&quot; because &quot;this.driver&quot; is null
	at io.unity.framework.init.base.tear_down(base.java:383)
	at java.base/java.util.ArrayList.forEach(ArrayList.java:1596)
	at io.unity.framework.runner.TestRunner.start(TestRunner.java:69)
	at runner.Runner.main(Runner.java:10)
... Removed 27 stack frames</div></td></tr></table><p class="totop"><a href="#summary">back to summary</a></p>
<h3 id="m9">mobile.tests.Onboarding.signin_test#Verify_that_the_user_Sign_in_with_invalid_Email_OB_005</h3><table class="result"><tr><th>Exception</th></tr><tr><td><div class="stacktrace">java.lang.NullPointerException: Cannot invoke &quot;org.openqa.selenium.WebDriver.manage()&quot; because &quot;this.driver&quot; is null
	at mobile.tests.Onboarding.signin_test.Verify_that_the_user_Sign_in_with_invalid_Email_OB_005(signin_test.java:66)
	at java.base/java.util.ArrayList.forEach(ArrayList.java:1596)
	at io.unity.framework.runner.TestRunner.start(TestRunner.java:69)
	at runner.Runner.main(Runner.java:10)
... Removed 22 stack frames</div></td></tr></table><p class="totop"><a href="#summary">back to summary</a></p>
<h2>Verify that the user Sign with valid Phone number OB 006</h2><h3 id="m10">mobile.tests.Onboarding.signin_test#tear_down</h3><table class="result"><tr class="param"><th>Parameter #1</th></tr><tr class="param stripe"><td>[TestResult name=Verify_that_the_user_Sign_with_valid_Phone_number_OB_006 status=FAILURE method=signin_test.Verify_that_the_user_Sign_with_valid_Phone_number_OB_006()[pri:0, instance:mobile.tests.Onboarding.signin_test@6d763516] output={null}]</td></tr><tr><th>Exception</th></tr><tr><td><div class="stacktrace">java.lang.NullPointerException: Cannot invoke &quot;org.openqa.selenium.WebDriver.quit()&quot; because &quot;this.driver&quot; is null
	at io.unity.framework.init.base.tear_down(base.java:383)
	at java.base/java.util.ArrayList.forEach(ArrayList.java:1596)
	at io.unity.framework.runner.TestRunner.start(TestRunner.java:69)
	at runner.Runner.main(Runner.java:10)
... Removed 27 stack frames</div></td></tr></table><p class="totop"><a href="#summary">back to summary</a></p>
<h3 id="m11">mobile.tests.Onboarding.signin_test#Verify_that_the_user_Sign_with_valid_Phone_number_OB_006</h3><table class="result"><tr><th>Exception</th></tr><tr><td><div class="stacktrace">java.lang.NullPointerException: Cannot invoke &quot;org.openqa.selenium.WebDriver.manage()&quot; because &quot;this.driver&quot; is null
	at mobile.tests.Onboarding.signin_test.Verify_that_the_user_Sign_with_valid_Phone_number_OB_006(signin_test.java:78)
	at java.base/java.util.ArrayList.forEach(ArrayList.java:1596)
	at io.unity.framework.runner.TestRunner.start(TestRunner.java:69)
	at runner.Runner.main(Runner.java:10)
... Removed 22 stack frames</div></td></tr></table><p class="totop"><a href="#summary">back to summary</a></p>
<h2>Verify that the user Sign with invalid Phone number OB 007</h2><h3 id="m12">mobile.tests.Onboarding.signin_test#tear_down</h3><table class="result"><tr class="param"><th>Parameter #1</th></tr><tr class="param stripe"><td>[TestResult name=Verify_that_the_user_Sign_with_invalid_Phone_number_OB_007 status=FAILURE method=signin_test.Verify_that_the_user_Sign_with_invalid_Phone_number_OB_007()[pri:0, instance:mobile.tests.Onboarding.signin_test@515aebb0] output={null}]</td></tr><tr><th>Exception</th></tr><tr><td><div class="stacktrace">java.lang.NullPointerException: Cannot invoke &quot;org.openqa.selenium.WebDriver.quit()&quot; because &quot;this.driver&quot; is null
	at io.unity.framework.init.base.tear_down(base.java:383)
	at java.base/java.util.ArrayList.forEach(ArrayList.java:1596)
	at io.unity.framework.runner.TestRunner.start(TestRunner.java:69)
	at runner.Runner.main(Runner.java:10)
... Removed 27 stack frames</div></td></tr></table><p class="totop"><a href="#summary">back to summary</a></p>
<h3 id="m13">mobile.tests.Onboarding.signin_test#Verify_that_the_user_Sign_with_invalid_Phone_number_OB_007</h3><table class="result"><tr><th>Exception</th></tr><tr><td><div class="stacktrace">java.lang.NullPointerException: Cannot invoke &quot;org.openqa.selenium.WebDriver.manage()&quot; because &quot;this.driver&quot; is null
	at mobile.tests.Onboarding.signin_test.Verify_that_the_user_Sign_with_invalid_Phone_number_OB_007(signin_test.java:93)
	at java.base/java.util.ArrayList.forEach(ArrayList.java:1596)
	at io.unity.framework.runner.TestRunner.start(TestRunner.java:69)
	at runner.Runner.main(Runner.java:10)
... Removed 22 stack frames</div></td></tr></table><p class="totop"><a href="#summary">back to summary</a></p>
<h2>Verify that the user Enter correct name in your Name field on Tell us about yourself for personalised recommendations screen OB 009</h2><h3 id="m14">mobile.tests.Onboarding.signin_test#tear_down</h3><table class="result"><tr class="param"><th>Parameter #1</th></tr><tr class="param stripe"><td>[TestResult name=Verify_that_the_user_Enter_correct_name_in_your_Name_field_on_Tell_us_about_yourself_for_personalised_recommendations_screen_OB_009 status=FAILURE method=signin_test.Verify_that_the_user_Enter_correct_name_in_your_Name_field_on_Tell_us_about_yourself_for_personalised_recommendations_screen_OB_009()[pri:0, instance:mobile.tests.Onboarding.signin_test@6c64cb25] output={null}]</td></tr><tr><th>Exception</th></tr><tr><td><div class="stacktrace">java.lang.NullPointerException: Cannot invoke &quot;org.openqa.selenium.WebDriver.quit()&quot; because &quot;this.driver&quot; is null
	at io.unity.framework.init.base.tear_down(base.java:383)
	at java.base/java.util.ArrayList.forEach(ArrayList.java:1596)
	at io.unity.framework.runner.TestRunner.start(TestRunner.java:69)
	at runner.Runner.main(Runner.java:10)
... Removed 27 stack frames</div></td></tr></table><p class="totop"><a href="#summary">back to summary</a></p>
<h3 id="m15">mobile.tests.Onboarding.signin_test#Verify_that_the_user_Enter_correct_name_in_your_Name_field_on_Tell_us_about_yourself_for_personalised_recommendations_screen_OB_009</h3><table class="result"><tr><th>Exception</th></tr><tr><td><div class="stacktrace">java.lang.NullPointerException: Cannot invoke &quot;org.openqa.selenium.WebDriver.manage()&quot; because &quot;this.driver&quot; is null
	at mobile.tests.Onboarding.signin_test.Verify_that_the_user_Enter_correct_name_in_your_Name_field_on_Tell_us_about_yourself_for_personalised_recommendations_screen_OB_009(signin_test.java:108)
	at java.base/java.util.ArrayList.forEach(ArrayList.java:1596)
	at io.unity.framework.runner.TestRunner.start(TestRunner.java:69)
	at runner.Runner.main(Runner.java:10)
... Removed 22 stack frames</div></td></tr></table><p class="totop"><a href="#summary">back to summary</a></p>
<h2>Verify that the user uncheck the checkbox of I agree to receive marketing communications from Level SuperMind on Tell us about yourself for personalised recommendations screen OB 014 and OB 015</h2><h3 id="m16">mobile.tests.Onboarding.signin_test#tear_down</h3><table class="result"><tr class="param"><th>Parameter #1</th></tr><tr class="param stripe"><td>[TestResult name=Verify_that_the_user_uncheck_the_checkbox_of_I_agree_to_receive_marketing_communications_from_Level_SuperMind_on_Tell_us_about_yourself_for_personalised_recommendations_screen_OB_014_and_OB_015 status=FAILURE method=signin_test.Verify_that_the_user_uncheck_the_checkbox_of_I_agree_to_receive_marketing_communications_from_Level_SuperMind_on_Tell_us_about_yourself_for_personalised_recommendations_screen_OB_014_and_OB_015()[pri:0, instance:mobile.tests.Onboarding.signin_test@5c5eefef] output={null}]</td></tr><tr><th>Exception</th></tr><tr><td><div class="stacktrace">java.lang.NullPointerException: Cannot invoke &quot;org.openqa.selenium.WebDriver.quit()&quot; because &quot;this.driver&quot; is null
	at io.unity.framework.init.base.tear_down(base.java:383)
	at java.base/java.util.ArrayList.forEach(ArrayList.java:1596)
	at io.unity.framework.runner.TestRunner.start(TestRunner.java:69)
	at runner.Runner.main(Runner.java:10)
... Removed 27 stack frames</div></td></tr></table><p class="totop"><a href="#summary">back to summary</a></p>
<h3 id="m17">mobile.tests.Onboarding.signin_test#Verify_that_the_user_uncheck_the_checkbox_of_I_agree_to_receive_marketing_communications_from_Level_SuperMind_on_Tell_us_about_yourself_for_personalised_recommendations_screen_OB_014_and_OB_015</h3><table class="result"><tr><th>Exception</th></tr><tr><td><div class="stacktrace">java.lang.NullPointerException: Cannot invoke &quot;org.openqa.selenium.WebDriver.manage()&quot; because &quot;this.driver&quot; is null
	at mobile.tests.Onboarding.signin_test.Verify_that_the_user_uncheck_the_checkbox_of_I_agree_to_receive_marketing_communications_from_Level_SuperMind_on_Tell_us_about_yourself_for_personalised_recommendations_screen_OB_014_and_OB_015(signin_test.java:138)
	at java.base/java.util.ArrayList.forEach(ArrayList.java:1596)
	at io.unity.framework.runner.TestRunner.start(TestRunner.java:69)
	at runner.Runner.main(Runner.java:10)
... Removed 22 stack frames</div></td></tr></table><p class="totop"><a href="#summary">back to summary</a></p>
<h2>Verify that the user tap on the terms and conditions hyperlink on Tell us about yourself for personalised recommendations screen OB 016</h2><h3 id="m18">mobile.tests.Onboarding.signin_test#tear_down</h3><table class="result"><tr class="param"><th>Parameter #1</th></tr><tr class="param stripe"><td>[TestResult name=Verify_that_the_user_tap_on_the_terms_and_conditions_hyperlink_on_Tell_us_about_yourself_for_personalised_recommendations_screen_OB_016 status=FAILURE method=signin_test.Verify_that_the_user_tap_on_the_terms_and_conditions_hyperlink_on_Tell_us_about_yourself_for_personalised_recommendations_screen_OB_016()[pri:0, instance:mobile.tests.Onboarding.signin_test@595b007d] output={null}]</td></tr><tr><th>Exception</th></tr><tr><td><div class="stacktrace">java.lang.NullPointerException: Cannot invoke &quot;org.openqa.selenium.WebDriver.quit()&quot; because &quot;this.driver&quot; is null
	at io.unity.framework.init.base.tear_down(base.java:383)
	at java.base/java.util.ArrayList.forEach(ArrayList.java:1596)
	at io.unity.framework.runner.TestRunner.start(TestRunner.java:69)
	at runner.Runner.main(Runner.java:10)
... Removed 27 stack frames</div></td></tr></table><p class="totop"><a href="#summary">back to summary</a></p>
<h3 id="m19">mobile.tests.Onboarding.signin_test#Verify_that_the_user_tap_on_the_terms_and_conditions_hyperlink_on_Tell_us_about_yourself_for_personalised_recommendations_screen_OB_016</h3><table class="result"><tr><th>Exception</th></tr><tr><td><div class="stacktrace">java.lang.NullPointerException: Cannot invoke &quot;org.openqa.selenium.WebDriver.manage()&quot; because &quot;this.driver&quot; is null
	at mobile.tests.Onboarding.signin_test.Verify_that_the_user_tap_on_the_terms_and_conditions_hyperlink_on_Tell_us_about_yourself_for_personalised_recommendations_screen_OB_016(signin_test.java:162)
	at java.base/java.util.ArrayList.forEach(ArrayList.java:1596)
	at io.unity.framework.runner.TestRunner.start(TestRunner.java:69)
	at runner.Runner.main(Runner.java:10)
... Removed 22 stack frames</div></td></tr></table><p class="totop"><a href="#summary">back to summary</a></p>
<h2>Verify that the user enter the valid referral code on on Tell us about yourself for personalised recommendations screen OB 017</h2><h3 id="m20">mobile.tests.Onboarding.signin_test#tear_down</h3><table class="result"><tr class="param"><th>Parameter #1</th></tr><tr class="param stripe"><td>[TestResult name=Verify_that_the_user_enter_the_valid_referral_code_on_on_Tell_us_about_yourself_for_personalised_recommendations_screen_OB_017 status=FAILURE method=signin_test.Verify_that_the_user_enter_the_valid_referral_code_on_on_Tell_us_about_yourself_for_personalised_recommendations_screen_OB_017()[pri:0, instance:mobile.tests.Onboarding.signin_test@399f45b1] output={null}]</td></tr><tr><th>Exception</th></tr><tr><td><div class="stacktrace">java.lang.NullPointerException: Cannot invoke &quot;org.openqa.selenium.WebDriver.quit()&quot; because &quot;this.driver&quot; is null
	at io.unity.framework.init.base.tear_down(base.java:383)
	at java.base/java.util.ArrayList.forEach(ArrayList.java:1596)
	at io.unity.framework.runner.TestRunner.start(TestRunner.java:69)
	at runner.Runner.main(Runner.java:10)
... Removed 27 stack frames</div></td></tr></table><p class="totop"><a href="#summary">back to summary</a></p>
<h3 id="m21">mobile.tests.Onboarding.signin_test#Verify_that_the_user_enter_the_valid_referral_code_on_on_Tell_us_about_yourself_for_personalised_recommendations_screen_OB_017</h3><table class="result"><tr><th>Exception</th></tr><tr><td><div class="stacktrace">java.lang.NullPointerException: Cannot invoke &quot;org.openqa.selenium.WebDriver.manage()&quot; because &quot;this.driver&quot; is null
	at mobile.tests.Onboarding.signin_test.Verify_that_the_user_enter_the_valid_referral_code_on_on_Tell_us_about_yourself_for_personalised_recommendations_screen_OB_017(signin_test.java:178)
	at java.base/java.util.ArrayList.forEach(ArrayList.java:1596)
	at io.unity.framework.runner.TestRunner.start(TestRunner.java:69)
	at runner.Runner.main(Runner.java:10)
... Removed 22 stack frames</div></td></tr></table><p class="totop"><a href="#summary">back to summary</a></p>
<h2>Verify that the user select only three type of meditations from the What type of meditations are you looking for screen and tap on right arrow icon OB 019</h2><h3 id="m22">mobile.tests.Onboarding.signin_test#tear_down</h3><table class="result"><tr class="param"><th>Parameter #1</th></tr><tr class="param stripe"><td>[TestResult name=Verify_that_the_user_select_only_three_type_of_meditations_from_the_What_type_of_meditations_are_you_looking_for_screen_and_tap_on_right_arrow_icon_OB_019 status=FAILURE method=signin_test.Verify_that_the_user_select_only_three_type_of_meditations_from_the_What_type_of_meditations_are_you_looking_for_screen_and_tap_on_right_arrow_icon_OB_019()[pri:0, instance:mobile.tests.Onboarding.signin_test@79e2c065] output={null}]</td></tr><tr><th>Exception</th></tr><tr><td><div class="stacktrace">java.lang.NullPointerException: Cannot invoke &quot;org.openqa.selenium.WebDriver.quit()&quot; because &quot;this.driver&quot; is null
	at io.unity.framework.init.base.tear_down(base.java:383)
	at java.base/java.util.ArrayList.forEach(ArrayList.java:1596)
	at io.unity.framework.runner.TestRunner.start(TestRunner.java:69)
	at runner.Runner.main(Runner.java:10)
... Removed 27 stack frames</div></td></tr></table><p class="totop"><a href="#summary">back to summary</a></p>
<h3 id="m23">mobile.tests.Onboarding.signin_test#Verify_that_the_user_select_only_three_type_of_meditations_from_the_What_type_of_meditations_are_you_looking_for_screen_and_tap_on_right_arrow_icon_OB_019</h3><table class="result"><tr><th>Exception</th></tr><tr><td><div class="stacktrace">java.lang.NullPointerException: Cannot invoke &quot;org.openqa.selenium.WebDriver.manage()&quot; because &quot;this.driver&quot; is null
	at mobile.tests.Onboarding.signin_test.Verify_that_the_user_select_only_three_type_of_meditations_from_the_What_type_of_meditations_are_you_looking_for_screen_and_tap_on_right_arrow_icon_OB_019(signin_test.java:203)
	at java.base/java.util.ArrayList.forEach(ArrayList.java:1596)
	at io.unity.framework.runner.TestRunner.start(TestRunner.java:69)
	at runner.Runner.main(Runner.java:10)
... Removed 22 stack frames</div></td></tr></table><p class="totop"><a href="#summary">back to summary</a></p>
</body>
</html>
