<html>
<head>
<title>TestNG:  To verify when the user enters the any keyword in search field of the Add item to playlist screen SLP PL 009</title>
<link href="../testng.css" rel="stylesheet" type="text/css" />
<link href="../my-testng.css" rel="stylesheet" type="text/css" />

<style type="text/css">
.log { display: none;} 
.stack-trace { display: none;} 
</style>
<script type="text/javascript">
<!--
function flip(e) {
  current = e.style.display;
  if (current == 'block') {
    e.style.display = 'none';
    return 0;
  }
  else {
    e.style.display = 'block';
    return 1;
  }
}

function toggleBox(szDivId, elem, msg1, msg2)
{
  var res = -1;  if (document.getElementById) {
    res = flip(document.getElementById(szDivId));
  }
  else if (document.all) {
    // this is the way old msie versions work
    res = flip(document.all[szDivId]);
  }
  if(elem) {
    if(res == 0) elem.innerHTML = msg1; else elem.innerHTML = msg2;
  }

}

function toggleAllBoxes() {
  if (document.getElementsByTagName) {
    d = document.getElementsByTagName('div');
    for (i = 0; i < d.length; i++) {
      if (d[i].className == 'log') {
        flip(d[i]);
      }
    }
  }
}

// -->
</script>

</head>
<body>
<h2 align='center'>To verify when the user enters the any keyword in search field of the Add item to playlist screen SLP PL 009</h2><table border='1' align="center">
<tr>
<td>Tests passed/Failed/Skipped:</td><td>0/1/0</td>
</tr><tr>
<td>Started on:</td><td>Fri Nov 08 01:44:34 IST 2024</td>
</tr>
<tr><td>Total time:</td><td>168 seconds (168569 ms)</td>
</tr><tr>
<td>Included groups:</td><td></td>
</tr><tr>
<td>Excluded groups:</td><td></td>
</tr>
</table><p/>
<small><i>(Hover the method name to see the test class name)</i></small><p/>
<table width='100%' border='1' class='invocation-failed'>
<tr><td colspan='4' align='center'><b>FAILED TESTS</b></td></tr>
<tr><td><b>Test method</b></td>
<td><b>Attribute(s)</b></td>
<td width="30%"><b>Exception</b></td>
<td width="10%"><b>Time (seconds)</b></td>
<td><b>Instance</b></td>
</tr>
<tr>
<td title='mobile.tests.Sleep_Playlist.Sleep_Playlist_Test.To_verify_when_the_user_enters_the_any_keyword_in_search_field_of_the_Add_item_to_playlist_screen_SLP_PL_009()'><b>To_verify_when_the_user_enters_the_any_keyword_in_search_field_of_the_Add_item_to_playlist_screen_SLP_PL_009</b><br>Test class: mobile.tests.Sleep_Playlist.Sleep_Playlist_Test<br/>
<a href="#Output-561133045" onClick='toggleBox("Output-561133045", this, "Show output", "Hide output");'>Show output</a>

<a href="#Output-561133045" onClick="toggleAllBoxes();">Show all outputs</a>
<div class='log' id="Output-561133045">
Click on sign_in<br/>
verify phone is displayed<br/>
<h1 style="color:green;font-size:15px;">Test Passed</h1> <br/>
verify email is displayed<br/>
<h1 style="color:green;font-size:15px;">Test Passed</h1> <br/>
Click on enter_mobile_no<br/>
verify right_arrow is enable<br/>
<h1 style="color:green;font-size:15px;">Test Passed</h1> <br/>
Click on right_arrow<br/>
Click on enter_the_code_text_box<br/>
verify right_arrow is enable<br/>
<h1 style="color:green;font-size:15px;">Test Passed</h1> <br/>
Click on right_arrow<br/>
Click on sleep_tab_button<br/>
verify sleep_tab_button is enable<br/>
<h1 style="color:green;font-size:15px;">Test Passed</h1> <br/>
verify playlist_name is enable<br/>
<h1 style="color:green;font-size:15px;">Test Passed</h1> <br/>
Click on create<br/>
verify add_item_to_playlist is displayed<br/>
<h1 style="color:green;font-size:15px;">Test Passed</h1> <br/>
</div>
</td>
<td><div><pre>org.openqa.selenium.NoSuchElementException: An element could not be located on the page using the given search parameters.
For documentation on this error, please visit: https://www.selenium.dev/documentation/webdriver/troubleshooting/errors#no-such-element-exception
Build info: version: &apos;4.18.1&apos;, revision: &apos;b1d3319b48&apos;
System info: os.name: &apos;Windows 11&apos;, os.arch: &apos;amd64&apos;, os.version: &apos;10.0&apos;, java.version: &apos;21.0.2&apos;
Driver info: io.appium.java_client.android.AndroidDriver
Command: [342739df-0f85-4ff2-9025-aff3e1b4fb9b, findElement {using=xpath, value=//android.widget.TextView[@text=&quot;Search for sleep stories&quot;]}]
Capabilities {appium:app: C:\Users\Harshal\Desktop\LS..., appium:appPackage: level.game, appium:appiumPlatform: Android, appium:automationName: UiAutomator2, appium:databaseEnabled: false, appium:desired: {app: C:\Users\Harshal\Desktop\LS..., appiumPlatform: Android, automationName: UiAutomator2, deviceName: ce051715b2392a1203, noReset: false, platformName: ANDROID, platformVersion: 9, projectName: LSM Mobile App}, appium:deviceApiLevel: 28, appium:deviceManufacturer: samsung, appium:deviceModel: SM-G950F, appium:deviceName: ce051715b2392a1203, appium:deviceScreenDensity: 480, appium:deviceScreenSize: 1080x2220, appium:deviceUDID: ce051715b2392a1203, appium:javascriptEnabled: true, appium:locationContextEnabled: false, appium:networkConnectionEnabled: true, appium:noReset: false, appium:pixelRatio: 3, appium:platformVersion: 9, appium:projectName: LSM Mobile App, appium:statBarHeight: 72, appium:takesScreenshot: true, appium:viewportRect: {height: 2148, left: 0, top: 72, width: 1080}, appium:warnings: {}, appium:webStorageEnabled: false, platformName: ANDROID}
Session ID: 342739df-0f85-4ff2-9025-aff3e1b4fb9b
	at org.openqa.selenium.remote.ErrorCodec.decode(ErrorCodec.java:167)
	at org.openqa.selenium.remote.codec.w3c.W3CHttpResponseCodec.decode(W3CHttpResponseCodec.java:138)
	at org.openqa.selenium.remote.codec.w3c.W3CHttpResponseCodec.decode(W3CHttpResponseCodec.java:50)
	at org.openqa.selenium.remote.HttpCommandExecutor.execute(HttpCommandExecutor.java:190)
	at io.appium.java_client.remote.AppiumCommandExecutor.execute(AppiumCommandExecutor.java:237)
	at org.openqa.selenium.remote.RemoteWebDriver.execute(RemoteWebDriver.java:519)
	at org.openqa.selenium.remote.ElementLocation$ElementFinder$2.findElement(ElementLocation.java:165)
	at org.openqa.selenium.remote.ElementLocation.findElement(ElementLocation.java:59)
	at org.openqa.selenium.remote.RemoteWebDriver.findElement(RemoteWebDriver.java:356)
	at org.openqa.selenium.remote.RemoteWebDriver.findElement(RemoteWebDriver.java:350)
	at io.unity.performaction.autoweb.Element.get_element_from_value(Element.java:45)
	at io.unity.performaction.autoweb.Element.find(Element.java:84)
	at io.unity.performaction.autoweb.Wait.wait_until_element_is_visible(Wait.java:33)
	at mobile.object_repository.sleep_playlist.Sleep_Playlist_Page.verify_search_text_present_on_page(Sleep_Playlist_Page.java:140)
	at mobile.tests.Sleep_Playlist.Sleep_Playlist_Test.To_verify_when_the_user_enters_the_any_keyword_in_search_field_of_the_Add_item_to_playlist_screen_SLP_PL_009(Sleep_Playlist_Test.java:263)
	at java.base/java.util.ArrayList.forEach(ArrayList.java:1596)
	at io.unity.framework.runner.TestRunner.start(TestRunner.java:69)
	at runner.Runner.main(Runner.java:10)
... Removed 25 stack frames</pre></div><a href='#' onClick='toggleBox("stack-trace561133045", this, "Click to show all stack frames", "Click to hide stack frames")'>Click to show all stack frames</a>
<div class='stack-trace' id='stack-trace561133045'><pre>org.openqa.selenium.NoSuchElementException: An element could not be located on the page using the given search parameters.
For documentation on this error, please visit: https://www.selenium.dev/documentation/webdriver/troubleshooting/errors#no-such-element-exception
Build info: version: &apos;4.18.1&apos;, revision: &apos;b1d3319b48&apos;
System info: os.name: &apos;Windows 11&apos;, os.arch: &apos;amd64&apos;, os.version: &apos;10.0&apos;, java.version: &apos;21.0.2&apos;
Driver info: io.appium.java_client.android.AndroidDriver
Command: [342739df-0f85-4ff2-9025-aff3e1b4fb9b, findElement {using=xpath, value=//android.widget.TextView[@text=&quot;Search for sleep stories&quot;]}]
Capabilities {appium:app: C:\Users\Harshal\Desktop\LS..., appium:appPackage: level.game, appium:appiumPlatform: Android, appium:automationName: UiAutomator2, appium:databaseEnabled: false, appium:desired: {app: C:\Users\Harshal\Desktop\LS..., appiumPlatform: Android, automationName: UiAutomator2, deviceName: ce051715b2392a1203, noReset: false, platformName: ANDROID, platformVersion: 9, projectName: LSM Mobile App}, appium:deviceApiLevel: 28, appium:deviceManufacturer: samsung, appium:deviceModel: SM-G950F, appium:deviceName: ce051715b2392a1203, appium:deviceScreenDensity: 480, appium:deviceScreenSize: 1080x2220, appium:deviceUDID: ce051715b2392a1203, appium:javascriptEnabled: true, appium:locationContextEnabled: false, appium:networkConnectionEnabled: true, appium:noReset: false, appium:pixelRatio: 3, appium:platformVersion: 9, appium:projectName: LSM Mobile App, appium:statBarHeight: 72, appium:takesScreenshot: true, appium:viewportRect: {height: 2148, left: 0, top: 72, width: 1080}, appium:warnings: {}, appium:webStorageEnabled: false, platformName: ANDROID}
Session ID: 342739df-0f85-4ff2-9025-aff3e1b4fb9b
	at java.base/jdk.internal.reflect.DirectConstructorHandleAccessor.newInstance(DirectConstructorHandleAccessor.java:62)
	at java.base/java.lang.reflect.Constructor.newInstanceWithCaller(Constructor.java:502)
	at java.base/java.lang.reflect.Constructor.newInstance(Constructor.java:486)
	at org.openqa.selenium.remote.ErrorCodec.decode(ErrorCodec.java:167)
	at org.openqa.selenium.remote.codec.w3c.W3CHttpResponseCodec.decode(W3CHttpResponseCodec.java:138)
	at org.openqa.selenium.remote.codec.w3c.W3CHttpResponseCodec.decode(W3CHttpResponseCodec.java:50)
	at org.openqa.selenium.remote.HttpCommandExecutor.execute(HttpCommandExecutor.java:190)
	at io.appium.java_client.remote.AppiumCommandExecutor.execute(AppiumCommandExecutor.java:237)
	at org.openqa.selenium.remote.RemoteWebDriver.execute(RemoteWebDriver.java:519)
	at org.openqa.selenium.remote.ElementLocation$ElementFinder$2.findElement(ElementLocation.java:165)
	at org.openqa.selenium.remote.ElementLocation.findElement(ElementLocation.java:59)
	at org.openqa.selenium.remote.RemoteWebDriver.findElement(RemoteWebDriver.java:356)
	at org.openqa.selenium.remote.RemoteWebDriver.findElement(RemoteWebDriver.java:350)
	at io.unity.performaction.autoweb.Element.get_element_from_value(Element.java:45)
	at io.unity.performaction.autoweb.Element.find(Element.java:84)
	at io.unity.performaction.autoweb.Wait.wait_until_element_is_visible(Wait.java:33)
	at mobile.object_repository.sleep_playlist.Sleep_Playlist_Page.verify_search_text_present_on_page(Sleep_Playlist_Page.java:140)
	at mobile.tests.Sleep_Playlist.Sleep_Playlist_Test.To_verify_when_the_user_enters_the_any_keyword_in_search_field_of_the_Add_item_to_playlist_screen_SLP_PL_009(Sleep_Playlist_Test.java:263)
	at java.base/jdk.internal.reflect.DirectMethodHandleAccessor.invoke(DirectMethodHandleAccessor.java:103)
	at java.base/java.lang.reflect.Method.invoke(Method.java:580)
	at org.testng.internal.invokers.MethodInvocationHelper.invokeMethod(MethodInvocationHelper.java:139)
	at org.testng.internal.invokers.TestInvoker.invokeMethod(TestInvoker.java:664)
	at org.testng.internal.invokers.TestInvoker.invokeTestMethod(TestInvoker.java:227)
	at org.testng.internal.invokers.MethodRunner.runInSequence(MethodRunner.java:50)
	at org.testng.internal.invokers.TestInvoker$MethodInvocationAgent.invoke(TestInvoker.java:957)
	at org.testng.internal.invokers.TestInvoker.invokeTestMethods(TestInvoker.java:200)
	at org.testng.internal.invokers.TestMethodWorker.invokeTestMethods(TestMethodWorker.java:148)
	at org.testng.internal.invokers.TestMethodWorker.run(TestMethodWorker.java:128)
	at java.base/java.util.ArrayList.forEach(ArrayList.java:1596)
	at org.testng.TestRunner.privateRun(TestRunner.java:848)
	at org.testng.TestRunner.run(TestRunner.java:621)
	at org.testng.SuiteRunner.runTest(SuiteRunner.java:443)
	at org.testng.SuiteRunner.runSequentially(SuiteRunner.java:437)
	at org.testng.SuiteRunner.privateRun(SuiteRunner.java:397)
	at org.testng.SuiteRunner.run(SuiteRunner.java:336)
	at org.testng.SuiteRunnerWorker.runSuite(SuiteRunnerWorker.java:52)
	at org.testng.SuiteRunnerWorker.run(SuiteRunnerWorker.java:95)
	at org.testng.TestNG.runSuitesSequentially(TestNG.java:1280)
	at org.testng.TestNG.runSuitesLocally(TestNG.java:1200)
	at org.testng.TestNG.runSuites(TestNG.java:1114)
	at org.testng.TestNG.run(TestNG.java:1082)
	at io.unity.framework.runner.TestRunner.start(TestRunner.java:69)
	at runner.Runner.main(Runner.java:10)
</pre></div></td>
<td>148</td>
<td>mobile.tests.Sleep_Playlist.Sleep_Playlist_Test@77847718</td></tr>
</table><p>
</body>
</html>