<?xml version="1.0" encoding="UTF-8"?>
<!-- Generated by org.testng.reporters.JUnitReportReporter -->
<testsuite hostname="DESKTOP-LSM8SKP" failures="0" tests="13" name="mobile.tests.Music_Playlist.Music_Playlist_Test" time="20.886" errors="2" timestamp="2024-11-18T17:35:06 IST" skipped="11">
  <testcase classname="mobile.tests.Music_Playlist.Music_Playlist_Test" name="To_verify_when_the_user_taps_on_the_Expand_icon_on_the_any_category_from_the_list_Music_PL_010" time="20.880">
    <skipped/>
  </testcase> <!-- To_verify_when_the_user_taps_on_the_Expand_icon_on_the_any_category_from_the_list_Music_PL_010 -->
  <testcase classname="mobile.tests.Music_Playlist.Music_Playlist_Test" name="To_verify_when_the_user_taps_on_the_Create_Playlist_button_on_the_Your_Playlist_section_Music_PL_001" time="0.000">
    <skipped/>
  </testcase> <!-- To_verify_when_the_user_taps_on_the_Create_Playlist_button_on_the_Your_Playlist_section_Music_PL_001 -->
  <testcase classname="mobile.tests.Music_Playlist.Music_Playlist_Test" name="To_verify_when_the_user_taps_on_the_Selected_icon_on_the_selected_music_track_from_the_expanded_music_list_Music_PL_015" time="0.000">
    <skipped/>
  </testcase> <!-- To_verify_when_the_user_taps_on_the_Selected_icon_on_the_selected_music_track_from_the_expanded_music_list_Music_PL_015 -->
  <testcase classname="mobile.tests.Music_Playlist.Music_Playlist_Test" name="To_verify_when_the_user_taps_on_the_Cancel_button_Music_PL_004" time="0.000">
    <skipped/>
  </testcase> <!-- To_verify_when_the_user_taps_on_the_Cancel_button_Music_PL_004 -->
  <testcase classname="mobile.tests.Music_Playlist.Music_Playlist_Test" name="tear_down" time="0.003">
    <error message="Cannot invoke &quot;org.openqa.selenium.WebDriver.quit()&quot; because &quot;this.driver&quot; is null" type="java.lang.NullPointerException">
      <![CDATA[java.lang.NullPointerException: Cannot invoke "org.openqa.selenium.WebDriver.quit()" because "this.driver" is null
at io.unity.framework.init.base.tear_down(base.java:383)
at java.base/jdk.internal.reflect.NativeMethodAccessorImpl.invoke0(Native Method)
at java.base/jdk.internal.reflect.NativeMethodAccessorImpl.invoke(NativeMethodAccessorImpl.java:77)
at java.base/jdk.internal.reflect.DelegatingMethodAccessorImpl.invoke(DelegatingMethodAccessorImpl.java:43)
at java.base/java.lang.reflect.Method.invoke(Method.java:568)
at org.testng.internal.invokers.MethodInvocationHelper.invokeMethod(MethodInvocationHelper.java:139)
at org.testng.internal.invokers.MethodInvocationHelper.invokeMethodConsideringTimeout(MethodInvocationHelper.java:69)
at org.testng.internal.invokers.ConfigInvoker.invokeConfigurationMethod(ConfigInvoker.java:390)
at org.testng.internal.invokers.ConfigInvoker.invokeConfigurations(ConfigInvoker.java:325)
at org.testng.internal.invokers.TestInvoker.runConfigMethods(TestInvoker.java:810)
at org.testng.internal.invokers.TestInvoker.runAfterConfigurations(TestInvoker.java:779)
at org.testng.internal.invokers.TestInvoker.invokeMethod(TestInvoker.java:755)
at org.testng.internal.invokers.TestInvoker.invokeTestMethod(TestInvoker.java:227)
at org.testng.internal.invokers.MethodRunner.runInSequence(MethodRunner.java:50)
at org.testng.internal.invokers.TestInvoker$MethodInvocationAgent.invoke(TestInvoker.java:957)
at org.testng.internal.invokers.TestInvoker.invokeTestMethods(TestInvoker.java:200)
at org.testng.internal.invokers.TestMethodWorker.invokeTestMethods(TestMethodWorker.java:148)
at org.testng.internal.invokers.TestMethodWorker.run(TestMethodWorker.java:128)
at java.base/java.util.ArrayList.forEach(ArrayList.java:1511)
at org.testng.TestRunner.privateRun(TestRunner.java:848)
at org.testng.TestRunner.run(TestRunner.java:621)
at org.testng.SuiteRunner.runTest(SuiteRunner.java:443)
at org.testng.SuiteRunner$SuiteWorker.run(SuiteRunner.java:481)
at org.testng.internal.thread.ThreadUtil.lambda$execute$0(ThreadUtil.java:58)
at java.base/java.util.concurrent.FutureTask.run(FutureTask.java:264)
at java.base/java.util.concurrent.ThreadPoolExecutor.runWorker(ThreadPoolExecutor.java:1136)
at java.base/java.util.concurrent.ThreadPoolExecutor$Worker.run(ThreadPoolExecutor.java:635)
at java.base/java.lang.Thread.run(Thread.java:840)
]]>
    </error>
  </testcase> <!-- tear_down -->
  <testcase classname="mobile.tests.Music_Playlist.Music_Playlist_Test" name="To_verify_when_the_user_taps_on_the_Collapse_icon_on_the_any_category_from_the_list_Music_PL_011" time="0.000">
    <skipped/>
  </testcase> <!-- To_verify_when_the_user_taps_on_the_Collapse_icon_on_the_any_category_from_the_list_Music_PL_011 -->
  <testcase classname="mobile.tests.Music_Playlist.Music_Playlist_Test" name="To_verify_when_user_try_to_taps_on_the_Create_Button_on_the_Create_Playlist_screen_after_entering_any_data_in_the_Playlist_Name_field_Music_PL_006" time="0.000">
    <skipped/>
  </testcase> <!-- To_verify_when_user_try_to_taps_on_the_Create_Button_on_the_Create_Playlist_screen_after_entering_any_data_in_the_Playlist_Name_field_Music_PL_006 -->
  <testcase classname="mobile.tests.Music_Playlist.Music_Playlist_Test" name="To_verify_when_user_try_to_add_more_than_50_tracks_in_the_any_created_playlist_Music_PL_013" time="0.000">
    <skipped/>
  </testcase> <!-- To_verify_when_user_try_to_add_more_than_50_tracks_in_the_any_created_playlist_Music_PL_013 -->
  <testcase classname="mobile.tests.Music_Playlist.Music_Playlist_Test" name="To_verify_when_the_user_taps_on_the_Add_music_button_on_the_any_music_track_from_the_expanded_music_list_Music_PL_014" time="0.000">
    <skipped/>
  </testcase> <!-- To_verify_when_the_user_taps_on_the_Add_music_button_on_the_any_music_track_from_the_expanded_music_list_Music_PL_014 -->
  <testcase classname="mobile.tests.Music_Playlist.Music_Playlist_Test" name="To_verify_when_the_user_taps_on_the_Select_all_radio_button_of_the_expanded_list_of_music_tracks_Music_PL_012" time="0.000">
    <skipped/>
  </testcase> <!-- To_verify_when_the_user_taps_on_the_Select_all_radio_button_of_the_expanded_list_of_music_tracks_Music_PL_012 -->
  <testcase classname="mobile.tests.Music_Playlist.Music_Playlist_Test" name="To_verify_when_the_use_taps_on_the_the_Playlist_Name_filed_Music_PL_003" time="0.003">
    <error message="Cannot invoke &quot;org.openqa.selenium.WebDriver.manage()&quot; because &quot;this.driver&quot; is null" type="java.lang.NullPointerException">
      <![CDATA[java.lang.NullPointerException: Cannot invoke "org.openqa.selenium.WebDriver.manage()" because "this.driver" is null
at mobile.tests.Music_Playlist.Music_Playlist_Test.To_verify_when_the_use_taps_on_the_the_Playlist_Name_filed_Music_PL_003(Music_Playlist_Test.java:44)
at java.base/jdk.internal.reflect.NativeMethodAccessorImpl.invoke0(Native Method)
at java.base/jdk.internal.reflect.NativeMethodAccessorImpl.invoke(NativeMethodAccessorImpl.java:77)
at java.base/jdk.internal.reflect.DelegatingMethodAccessorImpl.invoke(DelegatingMethodAccessorImpl.java:43)
at java.base/java.lang.reflect.Method.invoke(Method.java:568)
at org.testng.internal.invokers.MethodInvocationHelper.invokeMethod(MethodInvocationHelper.java:139)
at org.testng.internal.invokers.TestInvoker.invokeMethod(TestInvoker.java:664)
at org.testng.internal.invokers.TestInvoker.invokeTestMethod(TestInvoker.java:227)
at org.testng.internal.invokers.MethodRunner.runInSequence(MethodRunner.java:50)
at org.testng.internal.invokers.TestInvoker$MethodInvocationAgent.invoke(TestInvoker.java:957)
at org.testng.internal.invokers.TestInvoker.invokeTestMethods(TestInvoker.java:200)
at org.testng.internal.invokers.TestMethodWorker.invokeTestMethods(TestMethodWorker.java:148)
at org.testng.internal.invokers.TestMethodWorker.run(TestMethodWorker.java:128)
at java.base/java.util.ArrayList.forEach(ArrayList.java:1511)
at org.testng.TestRunner.privateRun(TestRunner.java:848)
at org.testng.TestRunner.run(TestRunner.java:621)
at org.testng.SuiteRunner.runTest(SuiteRunner.java:443)
at org.testng.SuiteRunner$SuiteWorker.run(SuiteRunner.java:481)
at org.testng.internal.thread.ThreadUtil.lambda$execute$0(ThreadUtil.java:58)
at java.base/java.util.concurrent.FutureTask.run(FutureTask.java:264)
at java.base/java.util.concurrent.ThreadPoolExecutor.runWorker(ThreadPoolExecutor.java:1136)
at java.base/java.util.concurrent.ThreadPoolExecutor$Worker.run(ThreadPoolExecutor.java:635)
at java.base/java.lang.Thread.run(Thread.java:840)
]]>
    </error>
  </testcase> <!-- To_verify_when_the_use_taps_on_the_the_Playlist_Name_filed_Music_PL_003 -->
  <testcase classname="mobile.tests.Music_Playlist.Music_Playlist_Test" name="To_verify_when_the_user_enters_the_any_keyword_in_search_field_of_the_Add_item_to_playlist_screen_Music_PL_008" time="0.000">
    <skipped/>
  </testcase> <!-- To_verify_when_the_user_enters_the_any_keyword_in_search_field_of_the_Add_item_to_playlist_screen_Music_PL_008 -->
  <testcase classname="mobile.tests.Music_Playlist.Music_Playlist_Test" name="To_verify_when_user_try_to_taps_on_the_Create_Button_on_the_Create_Playlist_screen_without_entering_any_data_in_the_Playlist_Name_field_Music_PL_005" time="0.000">
    <skipped/>
  </testcase> <!-- To_verify_when_user_try_to_taps_on_the_Create_Button_on_the_Create_Playlist_screen_without_entering_any_data_in_the_Playlist_Name_field_Music_PL_005 -->
</testsuite> <!-- mobile.tests.Music_Playlist.Music_Playlist_Test -->
