<?xml version="1.0" encoding="UTF-8"?>
<!-- Generated by org.testng.reporters.JUnitReportReporter -->
<testsuite hostname="DESKTOP-LSM8SKP" failures="0" tests="12" name="mobile.tests.SignInNegativeTest.SignInNegative_Test" time="20.912" errors="2" timestamp="2024-11-18T17:35:06 IST" skipped="10">
  <testcase classname="mobile.tests.SignInNegativeTest.SignInNegative_Test" name="To_verify_when_the_user_try_login_with_valid_email_id_without_enter_phone_no_in_onb_registration_form" time="20.903">
    <skipped/>
  </testcase> <!-- To_verify_when_the_user_try_login_with_valid_email_id_without_enter_phone_no_in_onb_registration_form -->
  <testcase classname="mobile.tests.SignInNegativeTest.SignInNegative_Test" name="To_verify_when_the_user_try_login_with_invalid_phone_no_format_with_dash" time="0.000">
    <skipped/>
  </testcase> <!-- To_verify_when_the_user_try_login_with_invalid_phone_no_format_with_dash -->
  <testcase classname="mobile.tests.SignInNegativeTest.SignInNegative_Test" name="To_verify_when_the_user_try_login_with_invalid_phone_no_format_with_few_digits" time="0.000">
    <skipped/>
  </testcase> <!-- To_verify_when_the_user_try_login_with_invalid_phone_no_format_with_few_digits -->
  <testcase classname="mobile.tests.SignInNegativeTest.SignInNegative_Test" name="To_verify_when_the_user_try_login_with_invalid_email_id_format" time="0.003">
    <error message="Cannot invoke &quot;org.openqa.selenium.WebDriver.manage()&quot; because &quot;this.driver&quot; is null" type="java.lang.NullPointerException">
      <![CDATA[java.lang.NullPointerException: Cannot invoke "org.openqa.selenium.WebDriver.manage()" because "this.driver" is null
at mobile.tests.SignInNegativeTest.SignInNegative_Test.To_verify_when_the_user_try_login_with_invalid_email_id_format(SignInNegative_Test.java:17)
at java.base/jdk.internal.reflect.NativeMethodAccessorImpl.invoke0(Native Method)
at java.base/jdk.internal.reflect.NativeMethodAccessorImpl.invoke(NativeMethodAccessorImpl.java:77)
at java.base/jdk.internal.reflect.DelegatingMethodAccessorImpl.invoke(DelegatingMethodAccessorImpl.java:43)
at java.base/java.lang.reflect.Method.invoke(Method.java:568)
at org.testng.internal.invokers.MethodInvocationHelper.invokeMethod(MethodInvocationHelper.java:139)
at org.testng.internal.invokers.TestInvoker.invokeMethod(TestInvoker.java:664)
at org.testng.internal.invokers.TestInvoker.invokeTestMethod(TestInvoker.java:227)
at org.testng.internal.invokers.MethodRunner.runInSequence(MethodRunner.java:50)
at org.testng.internal.invokers.TestInvoker$MethodInvocationAgent.invoke(TestInvoker.java:957)
at org.testng.internal.invokers.TestInvoker.invokeTestMethods(TestInvoker.java:200)
at org.testng.internal.invokers.TestMethodWorker.invokeTestMethods(TestMethodWorker.java:148)
at org.testng.internal.invokers.TestMethodWorker.run(TestMethodWorker.java:128)
at java.base/java.util.ArrayList.forEach(ArrayList.java:1511)
at org.testng.TestRunner.privateRun(TestRunner.java:848)
at org.testng.TestRunner.run(TestRunner.java:621)
at org.testng.SuiteRunner.runTest(SuiteRunner.java:443)
at org.testng.SuiteRunner$SuiteWorker.run(SuiteRunner.java:481)
at org.testng.internal.thread.ThreadUtil.lambda$execute$0(ThreadUtil.java:58)
at java.base/java.util.concurrent.FutureTask.run(FutureTask.java:264)
at java.base/java.util.concurrent.ThreadPoolExecutor.runWorker(ThreadPoolExecutor.java:1136)
at java.base/java.util.concurrent.ThreadPoolExecutor$Worker.run(ThreadPoolExecutor.java:635)
at java.base/java.lang.Thread.run(Thread.java:840)
]]>
    </error>
  </testcase> <!-- To_verify_when_the_user_try_login_with_invalid_email_id_format -->
  <testcase classname="mobile.tests.SignInNegativeTest.SignInNegative_Test" name="To_verify_when_the_user_try_login_with_invalid_phone_no_format_with_spaces" time="0.000">
    <skipped/>
  </testcase> <!-- To_verify_when_the_user_try_login_with_invalid_phone_no_format_with_spaces -->
  <testcase classname="mobile.tests.SignInNegativeTest.SignInNegative_Test" name="To_verify_when_the_user_try_login_with_valid_email_id_format_with_invalid_otp" time="0.001">
    <skipped/>
  </testcase> <!-- To_verify_when_the_user_try_login_with_valid_email_id_format_with_invalid_otp -->
  <testcase classname="mobile.tests.SignInNegativeTest.SignInNegative_Test" name="To_verify_when_the_user_try_login_with_valid_email_id_without_enter_name_in_onb_registration_form" time="0.000">
    <skipped/>
  </testcase> <!-- To_verify_when_the_user_try_login_with_valid_email_id_without_enter_name_in_onb_registration_form -->
  <testcase classname="mobile.tests.SignInNegativeTest.SignInNegative_Test" name="To_verify_when_the_user_try_login_with_invalid_email_id_format_with_spaces_not_allowed" time="0.000">
    <skipped/>
  </testcase> <!-- To_verify_when_the_user_try_login_with_invalid_email_id_format_with_spaces_not_allowed -->
  <testcase classname="mobile.tests.SignInNegativeTest.SignInNegative_Test" name="tear_down" time="0.005">
    <error message="Cannot invoke &quot;org.openqa.selenium.WebDriver.quit()&quot; because &quot;this.driver&quot; is null" type="java.lang.NullPointerException">
      <![CDATA[java.lang.NullPointerException: Cannot invoke "org.openqa.selenium.WebDriver.quit()" because "this.driver" is null
at io.unity.framework.init.base.tear_down(base.java:383)
at java.base/jdk.internal.reflect.NativeMethodAccessorImpl.invoke0(Native Method)
at java.base/jdk.internal.reflect.NativeMethodAccessorImpl.invoke(NativeMethodAccessorImpl.java:77)
at java.base/jdk.internal.reflect.DelegatingMethodAccessorImpl.invoke(DelegatingMethodAccessorImpl.java:43)
at java.base/java.lang.reflect.Method.invoke(Method.java:568)
at org.testng.internal.invokers.MethodInvocationHelper.invokeMethod(MethodInvocationHelper.java:139)
at org.testng.internal.invokers.MethodInvocationHelper.invokeMethodConsideringTimeout(MethodInvocationHelper.java:69)
at org.testng.internal.invokers.ConfigInvoker.invokeConfigurationMethod(ConfigInvoker.java:390)
at org.testng.internal.invokers.ConfigInvoker.invokeConfigurations(ConfigInvoker.java:325)
at org.testng.internal.invokers.TestInvoker.runConfigMethods(TestInvoker.java:810)
at org.testng.internal.invokers.TestInvoker.runAfterConfigurations(TestInvoker.java:779)
at org.testng.internal.invokers.TestInvoker.invokeMethod(TestInvoker.java:755)
at org.testng.internal.invokers.TestInvoker.invokeTestMethod(TestInvoker.java:227)
at org.testng.internal.invokers.MethodRunner.runInSequence(MethodRunner.java:50)
at org.testng.internal.invokers.TestInvoker$MethodInvocationAgent.invoke(TestInvoker.java:957)
at org.testng.internal.invokers.TestInvoker.invokeTestMethods(TestInvoker.java:200)
at org.testng.internal.invokers.TestMethodWorker.invokeTestMethods(TestMethodWorker.java:148)
at org.testng.internal.invokers.TestMethodWorker.run(TestMethodWorker.java:128)
at java.base/java.util.ArrayList.forEach(ArrayList.java:1511)
at org.testng.TestRunner.privateRun(TestRunner.java:848)
at org.testng.TestRunner.run(TestRunner.java:621)
at org.testng.SuiteRunner.runTest(SuiteRunner.java:443)
at org.testng.SuiteRunner$SuiteWorker.run(SuiteRunner.java:481)
at org.testng.internal.thread.ThreadUtil.lambda$execute$0(ThreadUtil.java:58)
at java.base/java.util.concurrent.FutureTask.run(FutureTask.java:264)
at java.base/java.util.concurrent.ThreadPoolExecutor.runWorker(ThreadPoolExecutor.java:1136)
at java.base/java.util.concurrent.ThreadPoolExecutor$Worker.run(ThreadPoolExecutor.java:635)
at java.base/java.lang.Thread.run(Thread.java:840)
]]>
    </error>
  </testcase> <!-- tear_down -->
  <testcase classname="mobile.tests.SignInNegativeTest.SignInNegative_Test" name="To_verify_when_the_user_try_login_with_invalid_email_id_format_with_special_character_not_allowed" time="0.000">
    <skipped/>
  </testcase> <!-- To_verify_when_the_user_try_login_with_invalid_email_id_format_with_special_character_not_allowed -->
  <testcase classname="mobile.tests.SignInNegativeTest.SignInNegative_Test" name="To_verify_when_the_user_try_login_with_invalid_phone_no_format_with_more_than_10_digits" time="0.000">
    <skipped/>
  </testcase> <!-- To_verify_when_the_user_try_login_with_invalid_phone_no_format_with_more_than_10_digits -->
  <testcase classname="mobile.tests.SignInNegativeTest.SignInNegative_Test" name="To_verify_when_the_user_try_login_with_invalid_phone_no_format_with_space" time="0.000">
    <skipped/>
  </testcase> <!-- To_verify_when_the_user_try_login_with_invalid_phone_no_format_with_space -->
</testsuite> <!-- mobile.tests.SignInNegativeTest.SignInNegative_Test -->
